        -:    0:Source:dominion.c
        -:    0:Graph:dominion.gcno
        -:    0:Data:dominion.gcda
        -:    0:Runs:2
        -:    0:Programs:2
        -:    1:#include "dominion.h"
        -:    2:#include "dominion_helpers.h"
        -:    3:#include "rngs.h"
        -:    4:#include <stdio.h>
        -:    5:#include <math.h>
        -:    6:#include <stdlib.h>
        -:    7:
function compare called 90315 returned 100% blocks executed 83%
    90315:    8:int compare(const void* a, const void* b) {
    90315:    9:  if (*(int*)a > *(int*)b)
branch  0 taken 0% (fallthrough)
branch  1 taken 100%
    #####:   10:    return 1;
    90315:   11:  if (*(int*)a < *(int*)b)
branch  0 taken 27% (fallthrough)
branch  1 taken 73%
    24084:   12:    return -1;
    66231:   13:  return 0;
        -:   14:}
        -:   15:
function newGame called 0 returned 0% blocks executed 0%
    #####:   16:struct gameState* newGame() {
    #####:   17:  struct gameState* g = malloc(sizeof(struct gameState));
    #####:   18:  return g;
        -:   19:}
        -:   20:
function kingdomCards called 0 returned 0% blocks executed 0%
    #####:   21:int* kingdomCards(int k1, int k2, int k3, int k4, int k5, int k6, int k7,
        -:   22:		  int k8, int k9, int k10) {
    #####:   23:  int* k = malloc(10 * sizeof(int));
    #####:   24:  k[0] = k1;
    #####:   25:  k[1] = k2;
    #####:   26:  k[2] = k3;
    #####:   27:  k[3] = k4;
    #####:   28:  k[4] = k5;
    #####:   29:  k[5] = k6;
    #####:   30:  k[6] = k7;
    #####:   31:  k[7] = k8;
    #####:   32:  k[8] = k9;
    #####:   33:  k[9] = k10;
    #####:   34:  return k;
        -:   35:}
        -:   36:
function initializeGame called 2000 returned 100% blocks executed 95%
     2000:   37:int initializeGame(int numPlayers, int kingdomCards[10], int randomSeed,
        -:   38:		   struct gameState *state) {
        -:   39:
        -:   40:  int i;
        -:   41:  int j;
        -:   42:  int it;			
        -:   43:  //set up random number generator
     2000:   44:  SelectStream(1);
call    0 returned 100%
     2000:   45:  PutSeed((long)randomSeed);
call    0 returned 100%
        -:   46:  
        -:   47:  //check number of players
     2000:   48:  if (numPlayers > MAX_PLAYERS || numPlayers < 2)
branch  0 taken 100% (fallthrough)
branch  1 taken 0%
branch  2 taken 0% (fallthrough)
branch  3 taken 100%
        -:   49:    {
    #####:   50:      return -1;
        -:   51:    }
        -:   52:
        -:   53:  //set number of players
     2000:   54:  state->numPlayers = numPlayers;
        -:   55:
        -:   56:  //check selected kingdom cards are different
    22000:   57:  for (i = 0; i < 10; i++)
branch  0 taken 91%
branch  1 taken 9% (fallthrough)
        -:   58:    {
   220000:   59:      for (j = 0; j < 10; j++)
branch  0 taken 91%
branch  1 taken 9% (fallthrough)
        -:   60:        {
   200000:   61:	  if (j != i && kingdomCards[j] == kingdomCards[i])
branch  0 taken 90% (fallthrough)
branch  1 taken 10%
branch  2 taken 0% (fallthrough)
branch  3 taken 100%
        -:   62:	    {
    #####:   63:	      return -1;
        -:   64:	    }
        -:   65:        }
        -:   66:    }
        -:   67:
        -:   68:
        -:   69:  //initialize supply
        -:   70:  ///////////////////////////////
        -:   71:
        -:   72:  //set number of Curse cards
     2000:   73:  if (numPlayers == 2)
branch  0 taken 32% (fallthrough)
branch  1 taken 68%
        -:   74:    {
      645:   75:      state->supplyCount[curse] = 10;
        -:   76:    }
     1355:   77:  else if (numPlayers == 3)
branch  0 taken 51% (fallthrough)
branch  1 taken 49%
        -:   78:    {
      689:   79:      state->supplyCount[curse] = 20;
        -:   80:    }
        -:   81:  else
        -:   82:    {
      666:   83:      state->supplyCount[curse] = 30;
        -:   84:    }
        -:   85:
        -:   86:  //set number of Victory cards
     2000:   87:  if (numPlayers == 2)
branch  0 taken 32% (fallthrough)
branch  1 taken 68%
        -:   88:    {
      645:   89:      state->supplyCount[estate] = 8;
      645:   90:      state->supplyCount[duchy] = 8;
      645:   91:      state->supplyCount[province] = 8;
        -:   92:    }
        -:   93:  else
        -:   94:    {
     1355:   95:      state->supplyCount[estate] = 12;
     1355:   96:      state->supplyCount[duchy] = 12;
     1355:   97:      state->supplyCount[province] = 12;
        -:   98:    }
        -:   99:
        -:  100:  //set number of Treasure cards
     2000:  101:  state->supplyCount[copper] = 60 - (7 * numPlayers);
     2000:  102:  state->supplyCount[silver] = 40;
     2000:  103:  state->supplyCount[gold] = 30;
        -:  104:
        -:  105:  //set number of Kingdom cards
    42000:  106:  for (i = adventurer; i <= treasure_map; i++)       	//loop all cards
branch  0 taken 95%
branch  1 taken 5% (fallthrough)
        -:  107:    {
   330000:  108:      for (j = 0; j < 10; j++)           		//loop chosen cards
branch  0 taken 94%
branch  1 taken 6% (fallthrough)
        -:  109:	{
   310000:  110:	  if (kingdomCards[j] == i)
branch  0 taken 6% (fallthrough)
branch  1 taken 94%
        -:  111:	    {
        -:  112:	      //check if card is a 'Victory' Kingdom card
    20000:  113:	      if (kingdomCards[j] == great_hall || kingdomCards[j] == gardens)
branch  0 taken 95% (fallthrough)
branch  1 taken 5%
branch  2 taken 5% (fallthrough)
branch  3 taken 95%
        -:  114:		{
     3764:  115:		  if (numPlayers == 2){ 
branch  0 taken 32% (fallthrough)
branch  1 taken 68%
      608:  116:		    state->supplyCount[i] = 8; 
        -:  117:		  }
     1274:  118:		  else{ state->supplyCount[i] = 12; }
        -:  119:		}
        -:  120:	      else
        -:  121:		{
    18118:  122:		  state->supplyCount[i] = 10;
        -:  123:		}
    20000:  124:	      break;
        -:  125:	    }
        -:  126:	  else    //card is not in the set choosen for the game
        -:  127:	    {
   290000:  128:	      state->supplyCount[i] = -1;
        -:  129:	    }
        -:  130:	}
        -:  131:
        -:  132:    }
        -:  133:
        -:  134:  ////////////////////////
        -:  135:  //supply intilization complete
        -:  136:
        -:  137:  //set player decks
     8021:  138:  for (i = 0; i < numPlayers; i++)
branch  0 taken 75%
branch  1 taken 25% (fallthrough)
        -:  139:    {
     6021:  140:      state->deckCount[i] = 0;
    24084:  141:      for (j = 0; j < 3; j++)
branch  0 taken 75%
branch  1 taken 25% (fallthrough)
        -:  142:	{
    18063:  143:	  state->deck[i][j] = estate;
    18063:  144:	  state->deckCount[i]++;
        -:  145:	}
    48168:  146:      for (j = 3; j < 10; j++)
branch  0 taken 88%
branch  1 taken 13% (fallthrough)
        -:  147:	{
    42147:  148:	  state->deck[i][j] = copper;
    42147:  149:	  state->deckCount[i]++;		
        -:  150:	}
        -:  151:    }
        -:  152:
        -:  153:  //shuffle player decks
     8021:  154:  for (i = 0; i < numPlayers; i++)
branch  0 taken 75%
branch  1 taken 25% (fallthrough)
        -:  155:    {
     6021:  156:      if ( shuffle(i, state) < 0 )
call    0 returned 100%
branch  1 taken 0% (fallthrough)
branch  2 taken 100%
        -:  157:	{
    #####:  158:	  return -1;
        -:  159:	}
        -:  160:    }
        -:  161:
        -:  162:  //draw player hands
     8021:  163:  for (i = 0; i < numPlayers; i++)
branch  0 taken 75%
branch  1 taken 25% (fallthrough)
        -:  164:    {  
        -:  165:      //initialize hand size to zero
     6021:  166:      state->handCount[i] = 0;
     6021:  167:      state->discardCount[i] = 0;
        -:  168:      //draw 5 cards
        -:  169:      // for (j = 0; j < 5; j++)
        -:  170:      //	{
        -:  171:      //	  drawCard(i, state);
        -:  172:      //	}
        -:  173:    }
        -:  174:  
        -:  175:  //set embargo tokens to 0 for all supply piles
    56000:  176:  for (i = 0; i <= treasure_map; i++)
branch  0 taken 96%
branch  1 taken 4% (fallthrough)
        -:  177:    {
    54000:  178:      state->embargoTokens[i] = 0;
        -:  179:    }
        -:  180:
        -:  181:  //initialize first player's turn
     2000:  182:  state->outpostPlayed = 0;
     2000:  183:  state->phase = 0;
     2000:  184:  state->numActions = 1;
     2000:  185:  state->numBuys = 1;
     2000:  186:  state->playedCardCount = 0;
     2000:  187:  state->whoseTurn = 0;
     2000:  188:  state->handCount[state->whoseTurn] = 0;
        -:  189:  //int it; move to top
        -:  190:
        -:  191:  //Moved draw cards to here, only drawing at the start of a turn
    12000:  192:  for (it = 0; it < 5; it++){
branch  0 taken 83%
branch  1 taken 17% (fallthrough)
    10000:  193:    drawCard(state->whoseTurn, state);
call    0 returned 100%
        -:  194:  }
        -:  195:
     2000:  196:  updateCoins(state->whoseTurn, state, 0);
call    0 returned 100%
        -:  197:
     2000:  198:  return 0;
        -:  199:}
        -:  200:
function shuffle called 6125 returned 100% blocks executed 100%
     6125:  201:int shuffle(int player, struct gameState *state) {
        -:  202: 
        -:  203:
        -:  204:  int newDeck[MAX_DECK];
     6125:  205:  int newDeckPos = 0;
        -:  206:  int card;
        -:  207:  int i;
        -:  208:
     6125:  209:  if (state->deckCount[player] < 1)
branch  0 taken 2% (fallthrough)
branch  1 taken 98%
      104:  210:    return -1;
     6021:  211:  qsort ((void*)(state->deck[player]), state->deckCount[player], sizeof(int), compare); 
call    0 returned 100%
        -:  212:  /* SORT CARDS IN DECK TO ENSURE DETERMINISM! */
        -:  213:
    72252:  214:  while (state->deckCount[player] > 0) {
branch  0 taken 91%
branch  1 taken 9% (fallthrough)
    60210:  215:    card = floor(Random() * state->deckCount[player]);
call    0 returned 100%
    60210:  216:    newDeck[newDeckPos] = state->deck[player][card];
    60210:  217:    newDeckPos++;
   210069:  218:    for (i = card; i < state->deckCount[player]-1; i++) {
branch  0 taken 71%
branch  1 taken 29% (fallthrough)
   149859:  219:      state->deck[player][i] = state->deck[player][i+1];
        -:  220:    }
    60210:  221:    state->deckCount[player]--;
        -:  222:  }
    66231:  223:  for (i = 0; i < newDeckPos; i++) {
branch  0 taken 91%
branch  1 taken 9% (fallthrough)
    60210:  224:    state->deck[player][i] = newDeck[i];
    60210:  225:    state->deckCount[player]++;
        -:  226:  }
        -:  227:
     6021:  228:  return 0;
        -:  229:}
        -:  230:
function playCard called 0 returned 0% blocks executed 0%
    #####:  231:int playCard(int handPos, int choice1, int choice2, int choice3, struct gameState *state) 
        -:  232:{	
        -:  233:  int card;
    #####:  234:  int coin_bonus = 0; 		//tracks coins gain from actions
        -:  235:
        -:  236:  //check if it is the right phase
    #####:  237:  if (state->phase != 0)
branch  0 never executed
branch  1 never executed
        -:  238:    {
    #####:  239:      return -1;
        -:  240:    }
        -:  241:	
        -:  242:  //check if player has enough actions
    #####:  243:  if ( state->numActions < 1 )
branch  0 never executed
branch  1 never executed
        -:  244:    {
    #####:  245:      return -1;
        -:  246:    }
        -:  247:	
        -:  248:  //get card played
    #####:  249:  card = handCard(handPos, state);
call    0 never executed
        -:  250:	
        -:  251:  //check if selected card is an action
    #####:  252:  if ( card < adventurer || card > treasure_map )
branch  0 never executed
branch  1 never executed
branch  2 never executed
branch  3 never executed
        -:  253:    {
    #####:  254:      return -1;
        -:  255:    }
        -:  256:	
        -:  257:  //play card
    #####:  258:  if ( cardEffect(card, choice1, choice2, choice3, state, handPos, &coin_bonus) < 0 )
call    0 never executed
branch  1 never executed
branch  2 never executed
        -:  259:    {
    #####:  260:      return -1;
        -:  261:    }
        -:  262:	
        -:  263:  //reduce number of actions
    #####:  264:  state->numActions--;
        -:  265:
        -:  266:  //update coins (Treasure cards may be added with card draws)
    #####:  267:  updateCoins(state->whoseTurn, state, coin_bonus);
call    0 never executed
        -:  268:	
    #####:  269:  return 0;
        -:  270:}
        -:  271:
function buyCard called 0 returned 0% blocks executed 0%
    #####:  272:int buyCard(int supplyPos, struct gameState *state) {
        -:  273:  int who;
        -:  274:  if (DEBUG){
        -:  275:    printf("Entering buyCard...\n");
        -:  276:  }
        -:  277:
        -:  278:  // I don't know what to do about the phase thing.
        -:  279:
    #####:  280:  who = state->whoseTurn;
        -:  281:
    #####:  282:  if (state->numBuys < 1){
branch  0 never executed
branch  1 never executed
        -:  283:    if (DEBUG)
        -:  284:      printf("You do not have any buys left\n");
    #####:  285:    return -1;
    #####:  286:  } else if (supplyCount(supplyPos, state) <1){
call    0 never executed
branch  1 never executed
branch  2 never executed
        -:  287:    if (DEBUG)
        -:  288:      printf("There are not any of that type of card left\n");
    #####:  289:    return -1;
    #####:  290:  } else if (state->coins < getCost(supplyPos)){
call    0 never executed
branch  1 never executed
branch  2 never executed
        -:  291:    if (DEBUG) 
        -:  292:      printf("You do not have enough money to buy that. You have %d coins.\n", state->coins);
    #####:  293:    return -1;
        -:  294:  } else {
    #####:  295:    state->phase=1;
        -:  296:    //state->supplyCount[supplyPos]--;
    #####:  297:    gainCard(supplyPos, state, 0, who); //card goes in discard, this might be wrong.. (2 means goes into hand, 0 goes into discard)
call    0 never executed
        -:  298:  
    #####:  299:    state->coins = (state->coins) - (getCost(supplyPos));
call    0 never executed
    #####:  300:    state->numBuys--;
        -:  301:    if (DEBUG)
        -:  302:      printf("You bought card number %d for %d coins. You now have %d buys and %d coins.\n", supplyPos, getCost(supplyPos), state->numBuys, state->coins);
        -:  303:  }
        -:  304:
        -:  305:  //state->discard[who][state->discardCount[who]] = supplyPos;
        -:  306:  //state->discardCount[who]++;
        -:  307:    
    #####:  308:  return 0;
        -:  309:}
        -:  310:
function numHandCards called 0 returned 0% blocks executed 0%
    #####:  311:int numHandCards(struct gameState *state) {
    #####:  312:  return state->handCount[ whoseTurn(state) ];
call    0 never executed
        -:  313:}
        -:  314:
function handCard called 0 returned 0% blocks executed 0%
    #####:  315:int handCard(int handPos, struct gameState *state) {
    #####:  316:  int currentPlayer = whoseTurn(state);
call    0 never executed
    #####:  317:  return state->hand[currentPlayer][handPos];
        -:  318:}
        -:  319:
function supplyCount called 0 returned 0% blocks executed 0%
    #####:  320:int supplyCount(int card, struct gameState *state) {
    #####:  321:  return state->supplyCount[card];
        -:  322:}
        -:  323:
function fullDeckCount called 0 returned 0% blocks executed 0%
    #####:  324:int fullDeckCount(int player, int card, struct gameState *state) {
        -:  325:  int i;
    #####:  326:  int count = 0;
        -:  327:
    #####:  328:  for (i = 0; i < state->deckCount[player]; i++)
branch  0 never executed
branch  1 never executed
        -:  329:    {
    #####:  330:      if (state->deck[player][i] == card) count++;
branch  0 never executed
branch  1 never executed
        -:  331:    }
        -:  332:
    #####:  333:  for (i = 0; i < state->handCount[player]; i++)
branch  0 never executed
branch  1 never executed
        -:  334:    {
    #####:  335:      if (state->hand[player][i] == card) count++;
branch  0 never executed
branch  1 never executed
        -:  336:    }
        -:  337:
    #####:  338:  for (i = 0; i < state->discardCount[player]; i++)
branch  0 never executed
branch  1 never executed
        -:  339:    {
    #####:  340:      if (state->discard[player][i] == card) count++;
branch  0 never executed
branch  1 never executed
        -:  341:    }
        -:  342:
    #####:  343:  return count;
        -:  344:}
        -:  345:
function whoseTurn called 0 returned 0% blocks executed 0%
    #####:  346:int whoseTurn(struct gameState *state) {
    #####:  347:  return state->whoseTurn;
        -:  348:}
        -:  349:
function endTurn called 0 returned 0% blocks executed 0%
    #####:  350:int endTurn(struct gameState *state) {
        -:  351:  int k;
        -:  352:  int i;
    #####:  353:  int currentPlayer = whoseTurn(state);
call    0 never executed
        -:  354:  
        -:  355:  //Discard hand
    #####:  356:  for (i = 0; i < state->handCount[currentPlayer]; i++){
branch  0 never executed
branch  1 never executed
    #####:  357:    state->discard[currentPlayer][state->discardCount[currentPlayer]++] = state->hand[currentPlayer][i];//Discard
    #####:  358:    state->hand[currentPlayer][i] = -1;//Set card to -1
        -:  359:  }
    #####:  360:  state->handCount[currentPlayer] = 0;//Reset hand count
        -:  361:    
        -:  362:  //Code for determining the player
    #####:  363:  if (currentPlayer < (state->numPlayers - 1)){ 
branch  0 never executed
branch  1 never executed
    #####:  364:    state->whoseTurn = currentPlayer + 1;//Still safe to increment
        -:  365:  }
        -:  366:  else{
    #####:  367:    state->whoseTurn = 0;//Max player has been reached, loop back around to player 1
        -:  368:  }
        -:  369:
    #####:  370:  state->outpostPlayed = 0;
    #####:  371:  state->phase = 0;
    #####:  372:  state->numActions = 1;
    #####:  373:  state->coins = 0;
    #####:  374:  state->numBuys = 1;
    #####:  375:  state->playedCardCount = 0;
    #####:  376:  state->handCount[state->whoseTurn] = 0;
        -:  377:
        -:  378:  //int k; move to top
        -:  379:  //Next player draws hand
    #####:  380:  for (k = 0; k < 5; k++){
branch  0 never executed
branch  1 never executed
    #####:  381:    drawCard(state->whoseTurn, state);//Draw a card
call    0 never executed
        -:  382:  }
        -:  383:
        -:  384:  //Update money
    #####:  385:  updateCoins(state->whoseTurn, state , 0);
call    0 never executed
        -:  386:
    #####:  387:  return 0;
        -:  388:}
        -:  389:
function isGameOver called 0 returned 0% blocks executed 0%
    #####:  390:int isGameOver(struct gameState *state) {
        -:  391:  int i;
        -:  392:  int j;
        -:  393:	
        -:  394:  //if stack of Province cards is empty, the game ends
    #####:  395:  if (state->supplyCount[province] == 0)
branch  0 never executed
branch  1 never executed
        -:  396:    {
    #####:  397:      return 1;
        -:  398:    }
        -:  399:
        -:  400:  //if three supply pile are at 0, the game ends
    #####:  401:  j = 0;
    #####:  402:  for (i = 0; i < 25; i++)
branch  0 never executed
branch  1 never executed
        -:  403:    {
    #####:  404:      if (state->supplyCount[i] == 0)
branch  0 never executed
branch  1 never executed
        -:  405:	{
    #####:  406:	  j++;
        -:  407:	}
        -:  408:    }
    #####:  409:  if ( j >= 3)
branch  0 never executed
branch  1 never executed
        -:  410:    {
    #####:  411:      return 1;
        -:  412:    }
        -:  413:
    #####:  414:  return 0;
        -:  415:}
        -:  416:
function scoreFor called 0 returned 0% blocks executed 0%
    #####:  417:int scoreFor (int player, struct gameState *state) {
        -:  418:
        -:  419:  int i;
    #####:  420:  int score = 0;
        -:  421:  //score from hand
    #####:  422:  for (i = 0; i < state->handCount[player]; i++)
branch  0 never executed
branch  1 never executed
        -:  423:    {
    #####:  424:      if (state->hand[player][i] == curse) { score = score - 1; };
branch  0 never executed
branch  1 never executed
    #####:  425:      if (state->hand[player][i] == estate) { score = score + 1; };
branch  0 never executed
branch  1 never executed
    #####:  426:      if (state->hand[player][i] == duchy) { score = score + 3; };
branch  0 never executed
branch  1 never executed
    #####:  427:      if (state->hand[player][i] == province) { score = score + 6; };
branch  0 never executed
branch  1 never executed
    #####:  428:      if (state->hand[player][i] == great_hall) { score = score + 1; };
branch  0 never executed
branch  1 never executed
    #####:  429:      if (state->hand[player][i] == gardens) { score = score + ( fullDeckCount(player, 0, state) / 10 ); };
branch  0 never executed
branch  1 never executed
call    2 never executed
        -:  430:    }
        -:  431:
        -:  432:  //score from discard
    #####:  433:  for (i = 0; i < state->discardCount[player]; i++)
branch  0 never executed
branch  1 never executed
        -:  434:    {
    #####:  435:      if (state->discard[player][i] == curse) { score = score - 1; };
branch  0 never executed
branch  1 never executed
    #####:  436:      if (state->discard[player][i] == estate) { score = score + 1; };
branch  0 never executed
branch  1 never executed
    #####:  437:      if (state->discard[player][i] == duchy) { score = score + 3; };
branch  0 never executed
branch  1 never executed
    #####:  438:      if (state->discard[player][i] == province) { score = score + 6; };
branch  0 never executed
branch  1 never executed
    #####:  439:      if (state->discard[player][i] == great_hall) { score = score + 1; };
branch  0 never executed
branch  1 never executed
    #####:  440:      if (state->discard[player][i] == gardens) { score = score + ( fullDeckCount(player, 0, state) / 10 ); };
branch  0 never executed
branch  1 never executed
call    2 never executed
        -:  441:    }
        -:  442:
        -:  443:  //score from deck
    #####:  444:  for (i = 0; i < state->discardCount[player]; i++)
branch  0 never executed
branch  1 never executed
        -:  445:    {
    #####:  446:      if (state->deck[player][i] == curse) { score = score - 1; };
branch  0 never executed
branch  1 never executed
    #####:  447:      if (state->deck[player][i] == estate) { score = score + 1; };
branch  0 never executed
branch  1 never executed
    #####:  448:      if (state->deck[player][i] == duchy) { score = score + 3; };
branch  0 never executed
branch  1 never executed
    #####:  449:      if (state->deck[player][i] == province) { score = score + 6; };
branch  0 never executed
branch  1 never executed
    #####:  450:      if (state->deck[player][i] == great_hall) { score = score + 1; };
branch  0 never executed
branch  1 never executed
    #####:  451:      if (state->deck[player][i] == gardens) { score = score + ( fullDeckCount(player, 0, state) / 10 ); };
branch  0 never executed
branch  1 never executed
call    2 never executed
        -:  452:    }
        -:  453:
    #####:  454:  return score;
        -:  455:}
        -:  456:
function getWinners called 0 returned 0% blocks executed 0%
    #####:  457:int getWinners(int players[MAX_PLAYERS], struct gameState *state) {
        -:  458:  int i;	
        -:  459:  int j;
        -:  460:  int highScore;
        -:  461:  int currentPlayer;
        -:  462:
        -:  463:  //get score for each player
    #####:  464:  for (i = 0; i < MAX_PLAYERS; i++)
branch  0 never executed
branch  1 never executed
        -:  465:    {
        -:  466:      //set unused player scores to -9999
    #####:  467:      if (i >= state->numPlayers)
branch  0 never executed
branch  1 never executed
        -:  468:	{
    #####:  469:	  players[i] = -9999;
        -:  470:	}
        -:  471:      else
        -:  472:	{
    #####:  473:	  players[i] = scoreFor (i, state);
call    0 never executed
        -:  474:	}
        -:  475:    }
        -:  476:
        -:  477:  //find highest score
    #####:  478:  j = 0;
    #####:  479:  for (i = 0; i < MAX_PLAYERS; i++)
branch  0 never executed
branch  1 never executed
        -:  480:    {
    #####:  481:      if (players[i] > players[j])
branch  0 never executed
branch  1 never executed
        -:  482:	{
    #####:  483:	  j = i;
        -:  484:	}
        -:  485:    }
    #####:  486:  highScore = players[j];
        -:  487:
        -:  488:  //add 1 to players who had less turns
    #####:  489:  currentPlayer = whoseTurn(state);
call    0 never executed
    #####:  490:  for (i = 0; i < MAX_PLAYERS; i++)
branch  0 never executed
branch  1 never executed
        -:  491:    {
    #####:  492:      if ( players[i] == highScore && i > currentPlayer )
branch  0 never executed
branch  1 never executed
branch  2 never executed
branch  3 never executed
        -:  493:	{
    #####:  494:	  players[i]++;
        -:  495:	}
        -:  496:    }
        -:  497:
        -:  498:  //find new highest score
    #####:  499:  j = 0;
    #####:  500:  for (i = 0; i < MAX_PLAYERS; i++)
branch  0 never executed
branch  1 never executed
        -:  501:    {
    #####:  502:      if ( players[i] > players[j] )
branch  0 never executed
branch  1 never executed
        -:  503:	{
    #####:  504:	  j = i;
        -:  505:	}
        -:  506:    }
    #####:  507:  highScore = players[j];
        -:  508:
        -:  509:  //set winners in array to 1 and rest to 0
    #####:  510:  for (i = 0; i < MAX_PLAYERS; i++)
branch  0 never executed
branch  1 never executed
        -:  511:    {
    #####:  512:      if ( players[i] == highScore )
branch  0 never executed
branch  1 never executed
        -:  513:	{
    #####:  514:	  players[i] = 1;
        -:  515:	}
        -:  516:      else
        -:  517:	{
    #####:  518:	  players[i] = 0;
        -:  519:	}
        -:  520:    }
        -:  521:
    #####:  522:  return 0;
        -:  523:}
        -:  524:
function drawCard called 16996 returned 100% blocks executed 85%
    16996:  525:int drawCard(int player, struct gameState *state)
        -:  526:{	int count;
        -:  527:  int deckCounter;
    16996:  528:  if (state->deckCount[player] <= 0){//Deck is empty
branch  0 taken 1% (fallthrough)
branch  1 taken 99%
        -:  529:    
        -:  530:    //Step 1 Shuffle the discard pile back into a deck
        -:  531:    int i;
        -:  532:    //Move discard to deck
       56:  533:    for (i = 0; i < state->discardCount[player];i++){
branch  0 taken 0%
branch  1 taken 100% (fallthrough)
    #####:  534:      state->deck[player][i] = state->discard[player][i];
    #####:  535:      state->discard[player][i] = -1;
        -:  536:    }
        -:  537:
       56:  538:    state->deckCount[player] = state->discardCount[player];
       56:  539:    state->discardCount[player] = 0;//Reset discard
        -:  540:
        -:  541:    //Shufffle the deck
       56:  542:    shuffle(player, state);//Shuffle the deck up and make it so that we can draw
call    0 returned 100%
        -:  543:   
        -:  544:    if (DEBUG){//Debug statements
        -:  545:      printf("Deck count now: %d\n", state->deckCount[player]);
        -:  546:    }
        -:  547:    
       56:  548:    state->discardCount[player] = 0;
        -:  549:
        -:  550:    //Step 2 Draw Card
       56:  551:    count = state->handCount[player];//Get current player's hand count
        -:  552:    
        -:  553:    if (DEBUG){//Debug statements
        -:  554:      printf("Current hand count: %d\n", count);
        -:  555:    }
        -:  556:    
       56:  557:    deckCounter = state->deckCount[player];//Create a holder for the deck count
        -:  558:
       56:  559:    if (deckCounter == 0)
branch  0 taken 100% (fallthrough)
branch  1 taken 0%
       56:  560:      return -1;
        -:  561:
    #####:  562:    state->hand[player][count] = state->deck[player][deckCounter - 1];//Add card to hand
    #####:  563:    state->deckCount[player]--;
    #####:  564:    state->handCount[player]++;//Increment hand count
        -:  565:  }
        -:  566:
        -:  567:  else{
    16940:  568:    int count = state->handCount[player];//Get current hand count for player
        -:  569:    int deckCounter;
        -:  570:    if (DEBUG){//Debug statements
        -:  571:      printf("Current hand count: %d\n", count);
        -:  572:    }
        -:  573:
    16940:  574:    deckCounter = state->deckCount[player];//Create holder for the deck count
    16940:  575:    state->hand[player][count] = state->deck[player][deckCounter - 1];//Add card to the hand
    16940:  576:    state->deckCount[player]--;
    16940:  577:    state->handCount[player]++;//Increment hand count
        -:  578:  }
        -:  579:
    16940:  580:  return 0;
        -:  581:}
        -:  582:
function getCost called 0 returned 0% blocks executed 0%
    #####:  583:int getCost(int cardNumber)
        -:  584:{
    #####:  585:  switch( cardNumber ) 
branch  0 never executed
branch  1 never executed
branch  2 never executed
branch  3 never executed
branch  4 never executed
branch  5 never executed
branch  6 never executed
branch  7 never executed
branch  8 never executed
branch  9 never executed
branch 10 never executed
branch 11 never executed
branch 12 never executed
branch 13 never executed
branch 14 never executed
branch 15 never executed
branch 16 never executed
branch 17 never executed
branch 18 never executed
branch 19 never executed
branch 20 never executed
branch 21 never executed
branch 22 never executed
branch 23 never executed
branch 24 never executed
branch 25 never executed
branch 26 never executed
branch 27 never executed
        -:  586:    {
        -:  587:    case curse:
    #####:  588:      return 0;
        -:  589:    case estate:
    #####:  590:      return 2;
        -:  591:    case duchy:
    #####:  592:      return 5;
        -:  593:    case province:
    #####:  594:      return 8;
        -:  595:    case copper:
    #####:  596:      return 0;
        -:  597:    case silver:
    #####:  598:      return 3;
        -:  599:    case gold:
    #####:  600:      return 6;
        -:  601:    case adventurer:
    #####:  602:      return 6;
        -:  603:    case council_room:
    #####:  604:      return 5;
        -:  605:    case feast:
    #####:  606:      return 4;
        -:  607:    case gardens:
    #####:  608:      return 4;
        -:  609:    case mine:
    #####:  610:      return 5;
        -:  611:    case remodel:
    #####:  612:      return 4;
        -:  613:    case smithy:
    #####:  614:      return 4;
        -:  615:    case village:
    #####:  616:      return 3;
        -:  617:    case baron:
    #####:  618:      return 4;
        -:  619:    case great_hall:
    #####:  620:      return 3;
        -:  621:    case minion:
    #####:  622:      return 5;
        -:  623:    case steward:
    #####:  624:      return 3;
        -:  625:    case tribute:
    #####:  626:      return 5;
        -:  627:    case ambassador:
    #####:  628:      return 3;
        -:  629:    case cutpurse:
    #####:  630:      return 4;
        -:  631:    case embargo: 
    #####:  632:      return 2;
        -:  633:    case outpost:
    #####:  634:      return 5;
        -:  635:    case salvager:
    #####:  636:      return 4;
        -:  637:    case sea_hag:
    #####:  638:      return 4;
        -:  639:    case treasure_map:
    #####:  640:      return 4;
        -:  641:    }
        -:  642:	
    #####:  643:  return -1;
        -:  644:}
        -:  645:
        -:  646:
        -:  647:
function adventurerFunc called 1000 returned 100% blocks executed 100%
     1000:  648:int adventurerFunc (int currentPlayer, struct gameState *state){
     1000:  649:	int drawntreasure = 0;
        -:  650:	int cardDrawn;
        -:  651:  	int temphand[MAX_HAND];
     1000:  652:	int z = 0; 
        -:  653:
     7996:  654:	while(drawntreasure<2){
branch  0 taken 86%
branch  1 taken 14% (fallthrough)
     5996:  655:		z = 99;
     5996:  656:		if (state->deckCount[currentPlayer] <1){//if the deck is empty we need to shuffle discard and add to deck
branch  0 taken 1% (fallthrough)
branch  1 taken 99%
       48:  657:		  shuffle(currentPlayer, state);
call    0 returned 100%
        -:  658:		}
     5996:  659:		drawCard(currentPlayer, state);
call    0 returned 100%
     5996:  660:		cardDrawn = state->hand[currentPlayer][state->handCount[currentPlayer]-1];//top card of hand is most recently drawn card.
     5996:  661:		if (cardDrawn == copper || cardDrawn == silver || cardDrawn == gold)
branch  0 taken 88% (fallthrough)
branch  1 taken 12%
branch  2 taken 88% (fallthrough)
branch  3 taken 12%
branch  4 taken 14% (fallthrough)
branch  5 taken 86%
     2000:  662:		  drawntreasure++;
        -:  663:		else{
     3996:  664:		  temphand[z]=cardDrawn;
     3996:  665:		  state->handCount[currentPlayer]--; //this should just remove the top card (the most recently drawn one).
     3996:  666:		  z++;
        -:  667:		}
        -:  668:	}
   101000:  669:      	while(z-1>=0){
branch  0 taken 99%
branch  1 taken 1% (fallthrough)
    99000:  670:		state->discard[currentPlayer][state->discardCount[currentPlayer]++]=temphand[z-1]; // discard all cards in play that have been drawn
    99000:  671:		z=z-1;
        -:  672:      	}
     1000:  673:      	return 0;
        -:  674:}
        -:  675:
        -:  676:
function smithyFunc called 0 returned 0% blocks executed 0%
    #####:  677:int smithyFunc(int currentPlayer, struct gameState *state, int handPos){
        -:  678:      int i;
        -:  679:	
        -:  680:	//+3 Cards
    #####:  681:      for (i = 0; i < 3; i)
branch  0 never executed
branch  1 never executed
        -:  682:	{
    #####:  683:	  drawCard(currentPlayer, state);
call    0 never executed
        -:  684:	  
        -:  685:	}
        -:  686:			
        -:  687:      //discard card from hand
    #####:  688:      discardCard(handPos, currentPlayer, state, 0);
call    0 never executed
    #####:  689:      return 0;
        -:  690:}
        -:  691:
        -:  692:
function gardenFunc called 0 returned 0% blocks executed 0%
    #####:  693:int gardenFunc(){
    #####:  694:	return -1;
        -:  695:}
        -:  696:
        -:  697:
function villageFunc called 1000 returned 100% blocks executed 100%
     1000:  698:int villageFunc(int currentPlayer, struct gameState *state, int handPos){
     1000:  699:	int arr[3] = {0,1,2};
        -:  700:	int i;
        -:  701:	int x;
        -:  702:
        -:  703:	//+1 Card
     1000:  704:	drawCard(currentPlayer, state);
call    0 returned 100%
        -:  705:
        -:  706:      //+2 Actions
     1000:  707:      state->numActions = state->numActions + 2;
        -:  708:			
     5000:  709:	for(i = 0; i < 4; i++){
branch  0 taken 80%
branch  1 taken 20% (fallthrough)
     4000:  710:		x += arr[i];	
        -:  711:	}
        -:  712:
        -:  713:
        -:  714:
        -:  715:      //discard played card from hand
     1000:  716:      discardCard(handPos, currentPlayer, state, 0);
call    0 returned 100%
     1000:  717:      return 0;
        -:  718:
        -:  719:}
        -:  720:
        -:  721:
function great_HallFunc called 0 returned 0% blocks executed 0%
    #####:  722:int great_HallFunc(int currentPlayer, struct gameState *state, int handPos){
        -:  723:	//+1 Card
    #####:  724:      drawCard(currentPlayer, state);
call    0 never executed
        -:  725:			
        -:  726:      //+1 Actions
    #####:  727:      state->numActions++;
        -:  728:			
    #####:  729:      void* x = state;
    #####:  730:      x++;
    #####:  731:      printf("%d", x);
call    0 never executed
        -:  732:      
        -:  733:      //discard card from hand
    #####:  734:      discardCard(handPos, currentPlayer, state, 0);
call    0 never executed
    #####:  735:      return 0;
        -:  736:}
        -:  737:
        -:  738:
        -:  739:
function cardEffect called 0 returned 0% blocks executed 0%
    #####:  740:int cardEffect(int card, int choice1, int choice2, int choice3, struct gameState *state, int handPos, int *bonus)
        -:  741:{
        -:  742:  int i;
        -:  743:  int j;
        -:  744:  int k;
        -:  745:  int x;
        -:  746:  int index;
    #####:  747:  int currentPlayer = whoseTurn(state);
call    0 never executed
    #####:  748:  int nextPlayer = currentPlayer + 1;
        -:  749:
    #####:  750:  int tributeRevealedCards[2] = {-1, -1};
        -:  751:  int temphand[MAX_HAND];// moved above the if statement
    #####:  752:  if (nextPlayer > (state->numPlayers - 1)){
branch  0 never executed
branch  1 never executed
    #####:  753:    nextPlayer = 0;
        -:  754:  }
        -:  755:  
        -:  756:	
        -:  757:  //uses switch to select card and perform actions
    #####:  758:  switch( card ) 
branch  0 never executed
branch  1 never executed
branch  2 never executed
branch  3 never executed
branch  4 never executed
branch  5 never executed
branch  6 never executed
branch  7 never executed
branch  8 never executed
branch  9 never executed
branch 10 never executed
branch 11 never executed
branch 12 never executed
branch 13 never executed
branch 14 never executed
branch 15 never executed
branch 16 never executed
branch 17 never executed
branch 18 never executed
branch 19 never executed
branch 20 never executed
        -:  759:    {
        -:  760:    case adventurer:
    #####:  761:	adventurerFunc(currentPlayer, state);
call    0 never executed
        -:  762:			
        -:  763:    case council_room:
        -:  764:      //+4 Cards
    #####:  765:      for (i = 0; i < 4; i++)
branch  0 never executed
branch  1 never executed
        -:  766:	{
    #####:  767:	  drawCard(currentPlayer, state);
call    0 never executed
        -:  768:	}
        -:  769:			
        -:  770:      //+1 Buy
    #####:  771:      state->numBuys++;
        -:  772:			
        -:  773:      //Each other player draws a card
    #####:  774:      for (i = 0; i < state->numPlayers; i++)
branch  0 never executed
branch  1 never executed
        -:  775:	{
    #####:  776:	  if ( i != currentPlayer )
branch  0 never executed
branch  1 never executed
        -:  777:	    {
    #####:  778:	      drawCard(i, state);
call    0 never executed
        -:  779:	    }
        -:  780:	}
        -:  781:			
        -:  782:      //put played card in played card pile
    #####:  783:      discardCard(handPos, currentPlayer, state, 0);
call    0 never executed
        -:  784:			
    #####:  785:      return 0;
        -:  786:			
        -:  787:    case feast:
        -:  788:      //gain card with cost up to 5
        -:  789:      //Backup hand
    #####:  790:      for (i = 0; i <= state->handCount[currentPlayer]; i++){
branch  0 never executed
branch  1 never executed
    #####:  791:	temphand[i] = state->hand[currentPlayer][i];//Backup card
    #####:  792:	state->hand[currentPlayer][i] = -1;//Set to nothing
        -:  793:      }
        -:  794:      //Backup hand
        -:  795:
        -:  796:      //Update Coins for Buy
    #####:  797:      updateCoins(currentPlayer, state, 5);
call    0 never executed
    #####:  798:      x = 1;//Condition to loop on
    #####:  799:      while( x == 1) {//Buy one card
branch  0 never executed
branch  1 never executed
    #####:  800:	if (supplyCount(choice1, state) <= 0){
call    0 never executed
branch  1 never executed
branch  2 never executed
        -:  801:	  if (DEBUG)
        -:  802:	    printf("None of that card left, sorry!\n");
        -:  803:
        -:  804:	  if (DEBUG){
        -:  805:	    printf("Cards Left: %d\n", supplyCount(choice1, state));
        -:  806:	  }
        -:  807:	}
    #####:  808:	else if (state->coins < getCost(choice1)){
call    0 never executed
branch  1 never executed
branch  2 never executed
    #####:  809:	  printf("That card is too expensive!\n");
call    0 never executed
        -:  810:
        -:  811:	  if (DEBUG){
        -:  812:	    printf("Coins: %d < %d\n", state->coins, getCost(choice1));
        -:  813:	  }
        -:  814:	}
        -:  815:	else{
        -:  816:
        -:  817:	  if (DEBUG){
        -:  818:	    printf("Deck Count: %d\n", state->handCount[currentPlayer] + state->deckCount[currentPlayer] + state->discardCount[currentPlayer]);
        -:  819:	  }
        -:  820:
    #####:  821:	  gainCard(choice1, state, 0, currentPlayer);//Gain the card
call    0 never executed
    #####:  822:	  x = 0;//No more buying cards
        -:  823:
        -:  824:	  if (DEBUG){
        -:  825:	    printf("Deck Count: %d\n", state->handCount[currentPlayer] + state->deckCount[currentPlayer] + state->discardCount[currentPlayer]);
        -:  826:	  }
        -:  827:
        -:  828:	}
        -:  829:      }     
        -:  830:
        -:  831:      //Reset Hand
    #####:  832:      for (i = 0; i <= state->handCount[currentPlayer]; i++){
branch  0 never executed
branch  1 never executed
    #####:  833:	state->hand[currentPlayer][i] = temphand[i];
    #####:  834:	temphand[i] = -1;
        -:  835:      }
        -:  836:      //Reset Hand
        -:  837:      			
    #####:  838:      return 0;
        -:  839:			
        -:  840:    case gardens:
    #####:  841:	gardenFunc();		
call    0 never executed
        -:  842:
        -:  843:
        -:  844:    case mine:
    #####:  845:      j = state->hand[currentPlayer][choice1];  //store card we will trash
        -:  846:
    #####:  847:      if (state->hand[currentPlayer][choice1] < copper || state->hand[currentPlayer][choice1] > gold)
branch  0 never executed
branch  1 never executed
branch  2 never executed
branch  3 never executed
        -:  848:	{
    #####:  849:	  return -1;
        -:  850:	}
        -:  851:		
    #####:  852:      if (choice2 > treasure_map || choice2 < curse)
branch  0 never executed
branch  1 never executed
branch  2 never executed
branch  3 never executed
        -:  853:	{
    #####:  854:	  return -1;
        -:  855:	}
        -:  856:
    #####:  857:      if ( (getCost(state->hand[currentPlayer][choice1]) + 3) > getCost(choice2) )
call    0 never executed
call    1 never executed
branch  2 never executed
branch  3 never executed
        -:  858:	{
    #####:  859:	  return -1;
        -:  860:	}
        -:  861:
    #####:  862:      gainCard(choice2, state, 2, currentPlayer);
call    0 never executed
        -:  863:
        -:  864:      //discard card from hand
    #####:  865:      discardCard(handPos, currentPlayer, state, 0);
call    0 never executed
        -:  866:
        -:  867:      //discard trashed card
    #####:  868:      for (i = 0; i < state->handCount[currentPlayer]; i++)
branch  0 never executed
branch  1 never executed
        -:  869:	{
    #####:  870:	  if (state->hand[currentPlayer][i] == j)
branch  0 never executed
branch  1 never executed
        -:  871:	    {
    #####:  872:	      discardCard(i, currentPlayer, state, 0);			
call    0 never executed
    #####:  873:	      break;
        -:  874:	    }
        -:  875:	}
        -:  876:			
    #####:  877:      return 0;
        -:  878:			
        -:  879:    case remodel:
    #####:  880:      j = state->hand[currentPlayer][choice1];  //store card we will trash
        -:  881:
    #####:  882:      if ( (getCost(state->hand[currentPlayer][choice1]) + 2) > getCost(choice2) )
call    0 never executed
call    1 never executed
branch  2 never executed
branch  3 never executed
        -:  883:	{
    #####:  884:	  return -1;
        -:  885:	}
        -:  886:
    #####:  887:      gainCard(choice2, state, 0, currentPlayer);
call    0 never executed
        -:  888:
        -:  889:      //discard card from hand
    #####:  890:      discardCard(handPos, currentPlayer, state, 0);
call    0 never executed
        -:  891:
        -:  892:      //discard trashed card
    #####:  893:      for (i = 0; i < state->handCount[currentPlayer]; i++)
branch  0 never executed
branch  1 never executed
        -:  894:	{
    #####:  895:	  if (state->hand[currentPlayer][i] == j)
branch  0 never executed
branch  1 never executed
        -:  896:	    {
    #####:  897:	      discardCard(i, currentPlayer, state, 0);			
call    0 never executed
    #####:  898:	      break;
        -:  899:	    }
        -:  900:	}
        -:  901:
        -:  902:
    #####:  903:      return 0;
        -:  904:		
        -:  905:    case smithy:
    #####:  906:      smithyFunc(currentPlayer, state, handPos);
call    0 never executed
        -:  907:		
        -:  908:    case village:
    #####:  909:	villageFunc(currentPlayer, state, handPos); 
call    0 never executed
        -:  910:		
        -:  911:    case baron:
    #####:  912:      state->numBuys++;//Increase buys by 1!
    #####:  913:      if (choice1 > 0){//Boolean true or going to discard an estate
branch  0 never executed
branch  1 never executed
    #####:  914:	int p = 0;//Iterator for hand!
    #####:  915:	int card_not_discarded = 1;//Flag for discard set!
    #####:  916:	while(card_not_discarded){
branch  0 never executed
branch  1 never executed
    #####:  917:	  if (state->hand[currentPlayer][p] == estate){//Found an estate card!
branch  0 never executed
branch  1 never executed
    #####:  918:	    state->coins += 4;//Add 4 coins to the amount of coins
    #####:  919:	    state->discard[currentPlayer][state->discardCount[currentPlayer]] = state->hand[currentPlayer][p];
    #####:  920:	    state->discardCount[currentPlayer]++;
    #####:  921:	    for (;p < state->handCount[currentPlayer]; p++){
branch  0 never executed
branch  1 never executed
    #####:  922:	      state->hand[currentPlayer][p] = state->hand[currentPlayer][p+1];
        -:  923:	    }
    #####:  924:	    state->hand[currentPlayer][state->handCount[currentPlayer]] = -1;
    #####:  925:	    state->handCount[currentPlayer]--;
    #####:  926:	    card_not_discarded = 0;//Exit the loop
        -:  927:	  }
    #####:  928:	  else if (p > state->handCount[currentPlayer]){
branch  0 never executed
branch  1 never executed
        -:  929:	    if(DEBUG) {
        -:  930:	      printf("No estate cards in your hand, invalid choice\n");
        -:  931:	      printf("Must gain an estate if there are any\n");
        -:  932:	    }
    #####:  933:	    if (supplyCount(estate, state) > 0){
call    0 never executed
branch  1 never executed
branch  2 never executed
    #####:  934:	      gainCard(estate, state, 0, currentPlayer);
call    0 never executed
    #####:  935:	      state->supplyCount[estate]--;//Decrement estates
    #####:  936:	      if (supplyCount(estate, state) == 0){
call    0 never executed
branch  1 never executed
branch  2 never executed
    #####:  937:		isGameOver(state);
call    0 never executed
        -:  938:	      }
        -:  939:	    }
    #####:  940:	    card_not_discarded = 0;//Exit the loop
        -:  941:	  }
        -:  942:			    
        -:  943:	  else{
    #####:  944:	    p++;//Next card
        -:  945:	  }
        -:  946:	}
        -:  947:      }
        -:  948:			    
        -:  949:      else{
    #####:  950:	if (supplyCount(estate, state) > 0){
call    0 never executed
branch  1 never executed
branch  2 never executed
    #####:  951:	  gainCard(estate, state, 0, currentPlayer);//Gain an estate
call    0 never executed
    #####:  952:	  state->supplyCount[estate]--;//Decrement Estates
    #####:  953:	  if (supplyCount(estate, state) == 0){
call    0 never executed
branch  1 never executed
branch  2 never executed
    #####:  954:	    isGameOver(state);
call    0 never executed
        -:  955:	  }
        -:  956:	}
        -:  957:      }
        -:  958:	    
        -:  959:      
    #####:  960:      return 0;
        -:  961:		
        -:  962:    case great_hall:
    #####:  963:      great_HallFunc(currentPlayer, state, handPos);
call    0 never executed
        -:  964:		
        -:  965:    case minion:
        -:  966:      //+1 action
    #####:  967:      state->numActions++;
        -:  968:			
        -:  969:      //discard card from hand
    #####:  970:      discardCard(handPos, currentPlayer, state, 0);
call    0 never executed
        -:  971:			
    #####:  972:      if (choice1)		//+2 coins
branch  0 never executed
branch  1 never executed
        -:  973:	{
    #####:  974:	  state->coins = state->coins + 2;
        -:  975:	}
        -:  976:			
    #####:  977:      else if (choice2)		//discard hand, redraw 4, other players with 5+ cards discard hand and draw 4
branch  0 never executed
branch  1 never executed
        -:  978:	{
        -:  979:	  //discard hand
    #####:  980:	  while(numHandCards(state) > 0)
call    0 never executed
branch  1 never executed
branch  2 never executed
        -:  981:	    {
    #####:  982:	      discardCard(handPos, currentPlayer, state, 0);
call    0 never executed
        -:  983:	    }
        -:  984:				
        -:  985:	  //draw 4
    #####:  986:	  for (i = 0; i < 4; i++)
branch  0 never executed
branch  1 never executed
        -:  987:	    {
    #####:  988:	      drawCard(currentPlayer, state);
call    0 never executed
        -:  989:	    }
        -:  990:				
        -:  991:	  //other players discard hand and redraw if hand size > 4
    #####:  992:	  for (i = 0; i < state->numPlayers; i++)
branch  0 never executed
branch  1 never executed
        -:  993:	    {
    #####:  994:	      if (i != currentPlayer)
branch  0 never executed
branch  1 never executed
        -:  995:		{
    #####:  996:		  if ( state->handCount[i] > 4 )
branch  0 never executed
branch  1 never executed
        -:  997:		    {
        -:  998:		      //discard hand
    #####:  999:		      while( state->handCount[i] > 0 )
branch  0 never executed
branch  1 never executed
        -: 1000:			{
    #####: 1001:			  discardCard(handPos, i, state, 0);
call    0 never executed
        -: 1002:			}
        -: 1003:							
        -: 1004:		      //draw 4
    #####: 1005:		      for (j = 0; j < 4; j++)
branch  0 never executed
branch  1 never executed
        -: 1006:			{
    #####: 1007:			  drawCard(i, state);
call    0 never executed
        -: 1008:			}
        -: 1009:		    }
        -: 1010:		}
        -: 1011:	    }
        -: 1012:				
        -: 1013:	}
    #####: 1014:      return 0;
        -: 1015:		
        -: 1016:    case steward:
    #####: 1017:      if (choice1 == 1)
branch  0 never executed
branch  1 never executed
        -: 1018:	{
        -: 1019:	  //+2 cards
    #####: 1020:	  drawCard(currentPlayer, state);
call    0 never executed
    #####: 1021:	  drawCard(currentPlayer, state);
call    0 never executed
        -: 1022:	}
    #####: 1023:      else if (choice1 == 2)
branch  0 never executed
branch  1 never executed
        -: 1024:	{
        -: 1025:	  //+2 coins
    #####: 1026:	  state->coins = state->coins + 2;
        -: 1027:	}
        -: 1028:      else
        -: 1029:	{
        -: 1030:	  //trash 2 cards in hand
    #####: 1031:	  discardCard(choice2, currentPlayer, state, 1);
call    0 never executed
    #####: 1032:	  discardCard(choice3, currentPlayer, state, 1);
call    0 never executed
        -: 1033:	}
        -: 1034:			
        -: 1035:      //discard card from hand
    #####: 1036:      discardCard(handPos, currentPlayer, state, 0);
call    0 never executed
    #####: 1037:      return 0;
        -: 1038:		
        -: 1039:    case tribute:
    #####: 1040:      if ((state->discardCount[nextPlayer] + state->deckCount[nextPlayer]) <= 1){
branch  0 never executed
branch  1 never executed
    #####: 1041:	if (state->deckCount[nextPlayer] > 0){
branch  0 never executed
branch  1 never executed
    #####: 1042:	  tributeRevealedCards[0] = state->deck[nextPlayer][state->deckCount[nextPlayer]-1];
    #####: 1043:	  state->deckCount[nextPlayer]--;
        -: 1044:	}
    #####: 1045:	else if (state->discardCount[nextPlayer] > 0){
branch  0 never executed
branch  1 never executed
    #####: 1046:	  tributeRevealedCards[0] = state->discard[nextPlayer][state->discardCount[nextPlayer]-1];
    #####: 1047:	  state->discardCount[nextPlayer]--;
        -: 1048:	}
        -: 1049:	else{
        -: 1050:	  //No Card to Reveal
        -: 1051:	  if (DEBUG){
        -: 1052:	    printf("No cards to reveal\n");
        -: 1053:	  }
        -: 1054:	}
        -: 1055:      }
        -: 1056:	    
        -: 1057:      else{
    #####: 1058:	if (state->deckCount[nextPlayer] == 0){
branch  0 never executed
branch  1 never executed
    #####: 1059:	  for (i = 0; i < state->discardCount[nextPlayer]; i++){
branch  0 never executed
branch  1 never executed
    #####: 1060:	    state->deck[nextPlayer][i] = state->discard[nextPlayer][i];//Move to deck
    #####: 1061:	    state->deckCount[nextPlayer]++;
    #####: 1062:	    state->discard[nextPlayer][i] = -1;
    #####: 1063:	    state->discardCount[nextPlayer]--;
        -: 1064:	  }
        -: 1065:			    
    #####: 1066:	  shuffle(nextPlayer,state);//Shuffle the deck
call    0 never executed
        -: 1067:	} 
    #####: 1068:	tributeRevealedCards[0] = state->deck[nextPlayer][state->deckCount[nextPlayer]-1];
    #####: 1069:	state->deck[nextPlayer][state->deckCount[nextPlayer]--] = -1;
    #####: 1070:	state->deckCount[nextPlayer]--;
    #####: 1071:	tributeRevealedCards[1] = state->deck[nextPlayer][state->deckCount[nextPlayer]-1];
    #####: 1072:	state->deck[nextPlayer][state->deckCount[nextPlayer]--] = -1;
    #####: 1073:	state->deckCount[nextPlayer]--;
        -: 1074:      }    
        -: 1075:		       
    #####: 1076:      if (tributeRevealedCards[0] == tributeRevealedCards[1]){//If we have a duplicate card, just drop one 
branch  0 never executed
branch  1 never executed
    #####: 1077:	state->playedCards[state->playedCardCount] = tributeRevealedCards[1];
    #####: 1078:	state->playedCardCount++;
    #####: 1079:	tributeRevealedCards[1] = -1;
        -: 1080:      }
        -: 1081:
    #####: 1082:      for (i = 0; i <= 2; i ++){
branch  0 never executed
branch  1 never executed
    #####: 1083:	if (tributeRevealedCards[i] == copper || tributeRevealedCards[i] == silver || tributeRevealedCards[i] == gold){//Treasure cards
branch  0 never executed
branch  1 never executed
branch  2 never executed
branch  3 never executed
branch  4 never executed
branch  5 never executed
    #####: 1084:	  state->coins += 2;
        -: 1085:	}
        -: 1086:		    
    #####: 1087:	else if (tributeRevealedCards[i] == estate || tributeRevealedCards[i] == duchy || tributeRevealedCards[i] == province || tributeRevealedCards[i] == gardens || tributeRevealedCards[i] == great_hall){//Victory Card Found
branch  0 never executed
branch  1 never executed
branch  2 never executed
branch  3 never executed
branch  4 never executed
branch  5 never executed
branch  6 never executed
branch  7 never executed
branch  8 never executed
branch  9 never executed
    #####: 1088:	  drawCard(currentPlayer, state);
call    0 never executed
    #####: 1089:	  drawCard(currentPlayer, state);
call    0 never executed
        -: 1090:	}
        -: 1091:	else{//Action Card
    #####: 1092:	  state->numActions = state->numActions + 2;
        -: 1093:	}
        -: 1094:      }
        -: 1095:	    
    #####: 1096:      return 0;
        -: 1097:		
        -: 1098:    case ambassador:
    #####: 1099:      j = 0;		//used to check if player has enough cards to discard
        -: 1100:
    #####: 1101:      if (choice2 > 2 || choice2 < 0)
branch  0 never executed
branch  1 never executed
branch  2 never executed
branch  3 never executed
        -: 1102:	{
    #####: 1103:	  return -1;				
        -: 1104:	}
        -: 1105:
    #####: 1106:      if (choice1 == handPos)
branch  0 never executed
branch  1 never executed
        -: 1107:	{
    #####: 1108:	  return -1;
        -: 1109:	}
        -: 1110:
    #####: 1111:      for (i = 0; i < state->handCount[currentPlayer]; i++)
branch  0 never executed
branch  1 never executed
        -: 1112:	{
    #####: 1113:	  if (i != handPos && i == state->hand[currentPlayer][choice1] && i != choice1)
branch  0 never executed
branch  1 never executed
branch  2 never executed
branch  3 never executed
branch  4 never executed
branch  5 never executed
        -: 1114:	    {
    #####: 1115:	      j++;
        -: 1116:	    }
        -: 1117:	}
    #####: 1118:      if (j < choice2)
branch  0 never executed
branch  1 never executed
        -: 1119:	{
    #####: 1120:	  return -1;				
        -: 1121:	}
        -: 1122:
        -: 1123:      if (DEBUG) 
        -: 1124:	printf("Player %d reveals card number: %d\n", currentPlayer, state->hand[currentPlayer][choice1]);
        -: 1125:
        -: 1126:      //increase supply count for choosen card by amount being discarded
    #####: 1127:      state->supplyCount[state->hand[currentPlayer][choice1]] += choice2;
        -: 1128:			
        -: 1129:      //each other player gains a copy of revealed card
    #####: 1130:      for (i = 0; i < state->numPlayers; i++)
branch  0 never executed
branch  1 never executed
        -: 1131:	{
    #####: 1132:	  if (i != currentPlayer)
branch  0 never executed
branch  1 never executed
        -: 1133:	    {
    #####: 1134:	      gainCard(state->hand[currentPlayer][choice1], state, 0, i);
call    0 never executed
        -: 1135:	    }
        -: 1136:	}
        -: 1137:
        -: 1138:      //discard played card from hand
    #####: 1139:      discardCard(handPos, currentPlayer, state, 0);			
call    0 never executed
        -: 1140:
        -: 1141:      //trash copies of cards returned to supply
    #####: 1142:      for (j = 0; j < choice2; j++)
branch  0 never executed
branch  1 never executed
        -: 1143:	{
    #####: 1144:	  for (i = 0; i < state->handCount[currentPlayer]; i++)
branch  0 never executed
branch  1 never executed
        -: 1145:	    {
    #####: 1146:	      if (state->hand[currentPlayer][i] == state->hand[currentPlayer][choice1])
branch  0 never executed
branch  1 never executed
        -: 1147:		{
    #####: 1148:		  discardCard(i, currentPlayer, state, 1);
call    0 never executed
    #####: 1149:		  break;
        -: 1150:		}
        -: 1151:	    }
        -: 1152:	}			
        -: 1153:
    #####: 1154:      return 0;
        -: 1155:		
        -: 1156:    case cutpurse:
        -: 1157:
    #####: 1158:      updateCoins(currentPlayer, state, 2);
call    0 never executed
    #####: 1159:      for (i = 0; i < state->numPlayers; i++)
branch  0 never executed
branch  1 never executed
        -: 1160:	{
    #####: 1161:	  if (i != currentPlayer)
branch  0 never executed
branch  1 never executed
        -: 1162:	    {
    #####: 1163:	      for (j = 0; j < state->handCount[i]; j++)
branch  0 never executed
branch  1 never executed
        -: 1164:		{
    #####: 1165:		  if (state->hand[i][j] == copper)
branch  0 never executed
branch  1 never executed
        -: 1166:		    {
    #####: 1167:		      discardCard(j, i, state, 0);
call    0 never executed
    #####: 1168:		      break;
        -: 1169:		    }
    #####: 1170:		  if (j == state->handCount[i])
branch  0 never executed
branch  1 never executed
        -: 1171:		    {
    #####: 1172:		      for (k = 0; k < state->handCount[i]; k++)
branch  0 never executed
branch  1 never executed
        -: 1173:			{
        -: 1174:			  if (DEBUG)
        -: 1175:			    printf("Player %d reveals card number %d\n", i, state->hand[i][k]);
        -: 1176:			}	
    #####: 1177:		      break;
        -: 1178:		    }		
        -: 1179:		}
        -: 1180:					
        -: 1181:	    }
        -: 1182:				
        -: 1183:	}				
        -: 1184:
        -: 1185:      //discard played card from hand
    #####: 1186:      discardCard(handPos, currentPlayer, state, 0);			
call    0 never executed
        -: 1187:
    #####: 1188:      return 0;
        -: 1189:
        -: 1190:		
        -: 1191:    case embargo: 
        -: 1192:      //+2 Coins
    #####: 1193:      state->coins = state->coins + 2;
        -: 1194:			
        -: 1195:      //see if selected pile is in play
    #####: 1196:      if ( state->supplyCount[choice1] == -1 )
branch  0 never executed
branch  1 never executed
        -: 1197:	{
    #####: 1198:	  return -1;
        -: 1199:	}
        -: 1200:			
        -: 1201:      //add embargo token to selected supply pile
    #####: 1202:      state->embargoTokens[choice1]++;
        -: 1203:			
        -: 1204:      //trash card
    #####: 1205:      discardCard(handPos, currentPlayer, state, 1);		
call    0 never executed
    #####: 1206:      return 0;
        -: 1207:		
        -: 1208:    case outpost:
        -: 1209:      //set outpost flag
    #####: 1210:      state->outpostPlayed++;
        -: 1211:			
        -: 1212:      //discard card
    #####: 1213:      discardCard(handPos, currentPlayer, state, 0);
call    0 never executed
    #####: 1214:      return 0;
        -: 1215:		
        -: 1216:    case salvager:
        -: 1217:      //+1 buy
    #####: 1218:      state->numBuys++;
        -: 1219:			
    #####: 1220:      if (choice1)
branch  0 never executed
branch  1 never executed
        -: 1221:	{
        -: 1222:	  //gain coins equal to trashed card
    #####: 1223:	  state->coins = state->coins + getCost( handCard(choice1, state) );
call    0 never executed
call    1 never executed
        -: 1224:	  //trash card
    #####: 1225:	  discardCard(choice1, currentPlayer, state, 1);	
call    0 never executed
        -: 1226:	}
        -: 1227:			
        -: 1228:      //discard card
    #####: 1229:      discardCard(handPos, currentPlayer, state, 0);
call    0 never executed
    #####: 1230:      return 0;
        -: 1231:		
        -: 1232:    case sea_hag:
    #####: 1233:      for (i = 0; i < state->numPlayers; i++){
branch  0 never executed
branch  1 never executed
    #####: 1234:	if (i != currentPlayer){
branch  0 never executed
branch  1 never executed
    #####: 1235:	  state->discard[i][state->discardCount[i]] = state->deck[i][state->deckCount[i]--];			    state->deckCount[i]--;
    #####: 1236:	  state->discardCount[i]++;
    #####: 1237:	  state->deck[i][state->deckCount[i]--] = curse;//Top card now a curse
        -: 1238:	}
        -: 1239:      }
    #####: 1240:      return 0;
        -: 1241:		
        -: 1242:    case treasure_map:
        -: 1243:      //search hand for another treasure_map
    #####: 1244:      index = -1;
    #####: 1245:      for (i = 0; i < state->handCount[currentPlayer]; i++)
branch  0 never executed
branch  1 never executed
        -: 1246:	{
    #####: 1247:	  if (state->hand[currentPlayer][i] == treasure_map && i != handPos)
branch  0 never executed
branch  1 never executed
branch  2 never executed
branch  3 never executed
        -: 1248:	    {
    #####: 1249:	      index = i;
    #####: 1250:	      break;
        -: 1251:	    }
        -: 1252:	}
    #####: 1253:      if (index > -1)
branch  0 never executed
branch  1 never executed
        -: 1254:	{
        -: 1255:	  //trash both treasure cards
    #####: 1256:	  discardCard(handPos, currentPlayer, state, 1);
call    0 never executed
    #####: 1257:	  discardCard(index, currentPlayer, state, 1);
call    0 never executed
        -: 1258:
        -: 1259:	  //gain 4 Gold cards
    #####: 1260:	  for (i = 0; i < 4; i++)
branch  0 never executed
branch  1 never executed
        -: 1261:	    {
    #####: 1262:	      gainCard(gold, state, 1, currentPlayer);
call    0 never executed
        -: 1263:	    }
        -: 1264:				
        -: 1265:	  //return success
    #####: 1266:	  return 1;
        -: 1267:	}
        -: 1268:			
        -: 1269:      //no second treasure_map found in hand
    #####: 1270:      return -1;
        -: 1271:    }
        -: 1272:	
    #####: 1273:  return -1;
        -: 1274:}
        -: 1275:
function discardCard called 1000 returned 100% blocks executed 89%
     1000: 1276:int discardCard(int handPos, int currentPlayer, struct gameState *state, int trashFlag)
        -: 1277:{
        -: 1278:	
        -: 1279:  //if card is not trashed, added to Played pile 
     1000: 1280:  if (trashFlag < 1)
branch  0 taken 100% (fallthrough)
branch  1 taken 0%
        -: 1281:    {
        -: 1282:      //add card to played pile
     1000: 1283:      state->playedCards[state->playedCardCount] = state->hand[currentPlayer][handPos]; 
     1000: 1284:      state->playedCardCount++;
        -: 1285:    }
        -: 1286:	
        -: 1287:  //set played card to -1
     1000: 1288:  state->hand[currentPlayer][handPos] = -1;
        -: 1289:	
        -: 1290:  //remove card from player's hand
     1000: 1291:  if ( handPos == (state->handCount[currentPlayer] - 1) ) 	//last card in hand array is played
branch  0 taken 99% (fallthrough)
branch  1 taken 1%
        -: 1292:    {
        -: 1293:      //reduce number of cards in hand
      992: 1294:      state->handCount[currentPlayer]--;
        -: 1295:    }
        8: 1296:  else if ( state->handCount[currentPlayer] == 1 ) //only one card in hand
branch  0 taken 0% (fallthrough)
branch  1 taken 100%
        -: 1297:    {
        -: 1298:      //reduce number of cards in hand
    #####: 1299:      state->handCount[currentPlayer]--;
        -: 1300:    }
        -: 1301:  else 	
        -: 1302:    {
        -: 1303:      //replace discarded card with last card in hand
        8: 1304:      state->hand[currentPlayer][handPos] = state->hand[currentPlayer][ (state->handCount[currentPlayer] - 1)];
        -: 1305:      //set last card to -1
        8: 1306:      state->hand[currentPlayer][state->handCount[currentPlayer] - 1] = -1;
        -: 1307:      //reduce number of cards in hand
        8: 1308:      state->handCount[currentPlayer]--;
        -: 1309:    }
        -: 1310:	
     1000: 1311:  return 0;
        -: 1312:}
        -: 1313:
function gainCard called 0 returned 0% blocks executed 0%
    #####: 1314:int gainCard(int supplyPos, struct gameState *state, int toFlag, int player)
        -: 1315:{
        -: 1316:  //Note: supplyPos is enum of choosen card
        -: 1317:	
        -: 1318:  //check if supply pile is empty (0) or card is not used in game (-1)
    #####: 1319:  if ( supplyCount(supplyPos, state) < 1 )
call    0 never executed
branch  1 never executed
branch  2 never executed
        -: 1320:    {
    #####: 1321:      return -1;
        -: 1322:    }
        -: 1323:	
        -: 1324:  //added card for [whoseTurn] current player:
        -: 1325:  // toFlag = 0 : add to discard
        -: 1326:  // toFlag = 1 : add to deck
        -: 1327:  // toFlag = 2 : add to hand
        -: 1328:
    #####: 1329:  if (toFlag == 1)
branch  0 never executed
branch  1 never executed
        -: 1330:    {
    #####: 1331:      state->deck[ player ][ state->deckCount[player] ] = supplyPos;
    #####: 1332:      state->deckCount[player]++;
        -: 1333:    }
    #####: 1334:  else if (toFlag == 2)
branch  0 never executed
branch  1 never executed
        -: 1335:    {
    #####: 1336:      state->hand[ player ][ state->handCount[player] ] = supplyPos;
    #####: 1337:      state->handCount[player]++;
        -: 1338:    }
        -: 1339:  else
        -: 1340:    {
    #####: 1341:      state->discard[player][ state->discardCount[player] ] = supplyPos;
    #####: 1342:      state->discardCount[player]++;
        -: 1343:    }
        -: 1344:	
        -: 1345:  //decrease number in supply pile
    #####: 1346:  state->supplyCount[supplyPos]--;
        -: 1347:	 
    #####: 1348:  return 0;
        -: 1349:}
        -: 1350:
function updateCoins called 2000 returned 100% blocks executed 82%
     2000: 1351:int updateCoins(int player, struct gameState *state, int bonus)
        -: 1352:{
        -: 1353:  int i;
        -: 1354:	
        -: 1355:  //reset coin count
     2000: 1356:  state->coins = 0;
        -: 1357:
        -: 1358:  //add coins for each Treasure card in player's hand
    12000: 1359:  for (i = 0; i < state->handCount[player]; i++)
branch  0 taken 83%
branch  1 taken 17% (fallthrough)
        -: 1360:    {
    10000: 1361:      if (state->hand[player][i] == copper)
branch  0 taken 80% (fallthrough)
branch  1 taken 20%
        -: 1362:	{
     8000: 1363:	  state->coins += 1;
        -: 1364:	}
     2000: 1365:      else if (state->hand[player][i] == silver)
branch  0 taken 0% (fallthrough)
branch  1 taken 100%
        -: 1366:	{
    #####: 1367:	  state->coins += 2;
        -: 1368:	}
     2000: 1369:      else if (state->hand[player][i] == gold)
branch  0 taken 0% (fallthrough)
branch  1 taken 100%
        -: 1370:	{
    #####: 1371:	  state->coins += 3;
        -: 1372:	}	
        -: 1373:    }	
        -: 1374:
        -: 1375:  //add bonus
     2000: 1376:  state->coins += bonus;
        -: 1377:
     2000: 1378:  return 0;
        -: 1379:}
        -: 1380:
        -: 1381:
        -: 1382://end of dominion.c
        -: 1383:
